<?xml version="1.0" encoding="UTF-8"?>
<!-- Generated by org.testng.reporters.JUnitXMLReporter -->
<testsuite ignored="9" hostname="LAPTOP-8LQ1C4T7" failures="0" tests="1" name="Default test" time="3.258" errors="0" timestamp="2022-11-07T07:01:43 IST">
  <testcase classname="facebook_Automation.WebElementCount" name="Image_count" time="1.312"/>
  <testcase classname="facebook_Automation.WebElementCount" name="Input_tagcount" time="0.0">
    <ignored/>
  </testcase> <!-- Input_tagcount -->
  <testcase classname="facebook_Automation.WebElementCount" name="Webelement_count" time="0.0">
    <ignored/>
  </testcase> <!-- Webelement_count -->
  <testcase classname="facebook_Automation.WebElementCount" name="bodytag_count" time="0.0">
    <ignored/>
  </testcase> <!-- bodytag_count -->
  <testcase classname="facebook_Automation.WebElementCount" name="allelement_count" time="0.0">
    <ignored/>
  </testcase> <!-- allelement_count -->
  <testcase classname="facebook_Automation.WebElementCount" name="button_count" time="0.0">
    <ignored/>
  </testcase> <!-- button_count -->
  <testcase classname="facebook_Automation.WebElementCount" name="scripttag_count" time="0.0">
    <ignored/>
  </testcase> <!-- scripttag_count -->
  <testcase classname="facebook_Automation.WebElementCount" name="spantag_count" time="0.0">
    <ignored/>
  </testcase> <!-- spantag_count -->
  <testcase classname="facebook_Automation.WebElementCount" name="table_count" time="0.0">
    <ignored/>
  </testcase> <!-- table_count -->
  <testcase classname="facebook_Automation.WebElementCount" name="styletag_count" time="0.0">
    <ignored/>
  </testcase> <!-- styletag_count -->
</testsuite> <!-- Default test -->
