<?xml version="1.0" encoding="UTF-8"?>
<testng-results ignored="9" total="10" passed="1" failed="0" skipped="0">
  <reporter-output>
  </reporter-output>
  <suite started-at="2022-11-07T07:01:40 IST" name="Default suite" finished-at="2022-11-07T07:01:43 IST" duration-ms="3258">
    <groups>
    </groups>
    <test started-at="2022-11-07T07:01:40 IST" name="Default test" finished-at="2022-11-07T07:01:43 IST" duration-ms="3258">
      <class name="facebook_Automation.WebElementCount">
        <test-method is-config="true" signature="setup()[pri:0, instance:facebook_Automation.WebElementCount@647e447]" started-at="2022-11-07T07:01:40 IST" name="setup" finished-at="2022-11-07T07:01:42 IST" duration-ms="1908" status="PASS">
          <reporter-output>
          </reporter-output>
        </test-method> <!-- setup -->
        <test-method signature="Image_count()[pri:0, instance:facebook_Automation.WebElementCount@647e447]" started-at="2022-11-07T07:01:42 IST" name="Image_count" finished-at="2022-11-07T07:01:43 IST" duration-ms="1312" status="PASS">
          <reporter-output>
          </reporter-output>
        </test-method> <!-- Image_count -->
      </class> <!-- facebook_Automation.WebElementCount -->
    </test> <!-- Default test -->
  </suite> <!-- Default suite -->
</testng-results>
