<?xml version="1.0" encoding="UTF-8"?>
<testng-results ignored="0" total="1" passed="1" failed="0" skipped="0">
  <reporter-output>
  </reporter-output>
  <suite started-at="2022-11-11T09:14:46 IST" name="Default suite" finished-at="2022-11-11T09:14:50 IST" duration-ms="4557">
    <groups>
    </groups>
    <test started-at="2022-11-11T09:14:46 IST" name="Default test" finished-at="2022-11-11T09:14:50 IST" duration-ms="4557">
      <class name="facebook_Automation.Takescreenshot">
        <test-method signature="TakeScreenShot_method()[pri:0, instance:facebook_Automation.Takescreenshot@50b472aa]" started-at="2022-11-11T09:14:46 IST" name="TakeScreenShot_method" finished-at="2022-11-11T09:14:50 IST" duration-ms="4511" status="PASS">
          <reporter-output>
          </reporter-output>
        </test-method> <!-- TakeScreenShot_method -->
      </class> <!-- facebook_Automation.Takescreenshot -->
    </test> <!-- Default test -->
  </suite> <!-- Default suite -->
</testng-results>
